<?xml version="1.0" encoding="UTF-8"?>
<!-- Generated by org.testng.reporters.JUnitReportReporter -->
<testsuite skipped="0" hostname="TRUCTRUONG" name="Modules.LoginTest" tests="2" failures="0" timestamp="2021-04-03T14:31:09 ICT" time="16.009" errors="0">
  <testcase name="inValidCredentials" time="6.109" classname="Modules.LoginTest"/>
  <system-out/>
  <testcase name="ValidCredentials" time="9.900" classname="Modules.LoginTest"/>
  <system-out/>
</testsuite> <!-- Modules.LoginTest -->
