<?xml version="1.0" encoding="UTF-8"?>
<!-- Generated by org.testng.reporters.JUnitReportReporter -->
<testsuite skipped="0" hostname="TRUCTRUONG" name="Modules.TestNgExample" tests="5" failures="0" timestamp="2021-04-03T14:36:31 ICT" time="0.004" errors="0">
  <testcase name="tc01" time="0.003" classname="Modules.TestNgExample"/>
  <system-out/>
  <testcase name="tc03" time="0.000" classname="Modules.TestNgExample"/>
  <system-out/>
  <testcase name="tc02" time="0.000" classname="Modules.TestNgExample"/>
  <system-out/>
  <testcase name="tc04" time="0.001" classname="Modules.TestNgExample"/>
  <system-out/>
  <testcase name="tc05" time="0.000" classname="Modules.TestNgExample"/>
  <system-out/>
</testsuite> <!-- Modules.TestNgExample -->
